<?xml version="1.0" encoding="UTF-8"?>
<testsuite name="org.example.controller.TodoControllerTest" tests="2" skipped="0" failures="0" errors="0" timestamp="2021-11-08T11:22:59" hostname="DESKTOP-FHPBK2E" time="0.48">
  <properties/>
  <testcase name="create()" classname="org.example.controller.TodoControllerTest" time="0.472"/>
  <testcase name="readOne()" classname="org.example.controller.TodoControllerTest" time="0.007"/>
  <system-out><![CDATA[20:22:53.329 [Test worker] DEBUG org.springframework.test.context.BootstrapUtils - Instantiating CacheAwareContextLoaderDelegate from class [org.springframework.test.context.cache.DefaultCacheAwareContextLoaderDelegate]
20:22:53.360 [Test worker] DEBUG org.springframework.test.context.BootstrapUtils - Instantiating BootstrapContext using constructor [public org.springframework.test.context.support.DefaultBootstrapContext(java.lang.Class,org.springframework.test.context.CacheAwareContextLoaderDelegate)]
20:22:53.438 [Test worker] DEBUG org.springframework.test.context.BootstrapUtils - Instantiating TestContextBootstrapper for test class [org.example.controller.TodoControllerTest] from class [org.springframework.boot.test.autoconfigure.web.servlet.WebMvcTestContextBootstrapper]
20:22:53.461 [Test worker] INFO org.springframework.boot.test.autoconfigure.web.servlet.WebMvcTestContextBootstrapper - Neither @ContextConfiguration nor @ContextHierarchy found for test class [org.example.controller.TodoControllerTest], using SpringBootContextLoader
20:22:53.466 [Test worker] DEBUG org.springframework.test.context.support.AbstractContextLoader - Did not detect default resource location for test class [org.example.controller.TodoControllerTest]: class path resource [org/example/controller/TodoControllerTest-context.xml] does not exist
20:22:53.467 [Test worker] DEBUG org.springframework.test.context.support.AbstractContextLoader - Did not detect default resource location for test class [org.example.controller.TodoControllerTest]: class path resource [org/example/controller/TodoControllerTestContext.groovy] does not exist
20:22:53.468 [Test worker] INFO org.springframework.test.context.support.AbstractContextLoader - Could not detect default resource locations for test class [org.example.controller.TodoControllerTest]: no resource found for suffixes {-context.xml, Context.groovy}.
20:22:53.469 [Test worker] INFO org.springframework.test.context.support.AnnotationConfigContextLoaderUtils - Could not detect default configuration classes for test class [org.example.controller.TodoControllerTest]: TodoControllerTest does not declare any static, non-private, non-final, nested classes annotated with @Configuration.
20:22:53.597 [Test worker] DEBUG org.springframework.test.context.support.ActiveProfilesUtils - Could not find an 'annotation declaring class' for annotation type [org.springframework.test.context.ActiveProfiles] and class [org.example.controller.TodoControllerTest]
20:22:53.723 [Test worker] DEBUG org.springframework.context.annotation.ClassPathScanningCandidateComponentProvider - Identified candidate component class: file [C:\Users\Sabeom\Documents\git_sourcetree\Study\Spring\SpringBoot\todo-server\build\classes\java\main\org\example\TodoServerApplication.class]
20:22:53.726 [Test worker] INFO org.springframework.boot.test.context.SpringBootTestContextBootstrapper - Found @SpringBootConfiguration org.example.TodoServerApplication for test class org.example.controller.TodoControllerTest
20:22:53.731 [Test worker] DEBUG org.springframework.boot.test.autoconfigure.web.servlet.WebMvcTestContextBootstrapper - @TestExecutionListeners is not present for class [org.example.controller.TodoControllerTest]: using defaults.
20:22:53.732 [Test worker] INFO org.springframework.boot.test.autoconfigure.web.servlet.WebMvcTestContextBootstrapper - Loaded default TestExecutionListener class names from location [META-INF/spring.factories]: [org.springframework.boot.test.autoconfigure.restdocs.RestDocsTestExecutionListener, org.springframework.boot.test.autoconfigure.web.client.MockRestServiceServerResetTestExecutionListener, org.springframework.boot.test.autoconfigure.web.servlet.MockMvcPrintOnlyOnFailureTestExecutionListener, org.springframework.boot.test.autoconfigure.web.servlet.WebDriverTestExecutionListener, org.springframework.boot.test.autoconfigure.webservices.client.MockWebServiceServerTestExecutionListener, org.springframework.boot.test.mock.mockito.MockitoTestExecutionListener, org.springframework.boot.test.mock.mockito.ResetMocksTestExecutionListener, org.springframework.test.context.web.ServletTestExecutionListener, org.springframework.test.context.support.DirtiesContextBeforeModesTestExecutionListener, org.springframework.test.context.event.ApplicationEventsTestExecutionListener, org.springframework.test.context.support.DependencyInjectionTestExecutionListener, org.springframework.test.context.support.DirtiesContextTestExecutionListener, org.springframework.test.context.transaction.TransactionalTestExecutionListener, org.springframework.test.context.jdbc.SqlScriptsTestExecutionListener, org.springframework.test.context.event.EventPublishingTestExecutionListener]
20:22:53.765 [Test worker] INFO org.springframework.boot.test.autoconfigure.web.servlet.WebMvcTestContextBootstrapper - Using TestExecutionListeners: [org.springframework.test.context.web.ServletTestExecutionListener@11082678, org.springframework.test.context.support.DirtiesContextBeforeModesTestExecutionListener@4d155741, org.springframework.test.context.event.ApplicationEventsTestExecutionListener@132943ea, org.springframework.boot.test.mock.mockito.MockitoTestExecutionListener@70006f5c, org.springframework.boot.test.autoconfigure.SpringBootDependencyInjectionTestExecutionListener@206bbcc2, org.springframework.test.context.support.DirtiesContextTestExecutionListener@472348d1, org.springframework.test.context.transaction.TransactionalTestExecutionListener@1ecc75cc, org.springframework.test.context.jdbc.SqlScriptsTestExecutionListener@6dc583c6, org.springframework.test.context.event.EventPublishingTestExecutionListener@1035af10, org.springframework.boot.test.autoconfigure.restdocs.RestDocsTestExecutionListener@4d8d0807, org.springframework.boot.test.autoconfigure.web.client.MockRestServiceServerResetTestExecutionListener@3092666f, org.springframework.boot.test.autoconfigure.web.servlet.MockMvcPrintOnlyOnFailureTestExecutionListener@71081808, org.springframework.boot.test.autoconfigure.web.servlet.WebDriverTestExecutionListener@4cf86416, org.springframework.boot.test.autoconfigure.webservices.client.MockWebServiceServerTestExecutionListener@699090be, org.springframework.boot.test.mock.mockito.ResetMocksTestExecutionListener@4a1232fd]
20:22:53.772 [Test worker] DEBUG org.springframework.test.context.support.AbstractDirtiesContextTestExecutionListener - Before test class: context [DefaultTestContext@3954894b testClass = TodoControllerTest, testInstance = [null], testMethod = [null], testException = [null], mergedContextConfiguration = [WebMergedContextConfiguration@3789d137 testClass = TodoControllerTest, locations = '{}', classes = '{class org.example.TodoServerApplication}', contextInitializerClasses = '[]', activeProfiles = '{}', propertySourceLocations = '{}', propertySourceProperties = '{org.springframework.boot.test.autoconfigure.web.servlet.WebMvcTestContextBootstrapper=true}', contextCustomizers = set[org.springframework.boot.test.autoconfigure.OverrideAutoConfigurationContextCustomizerFactory$DisableAutoConfigurationContextCustomizer@4cefb4ca, org.springframework.boot.test.autoconfigure.actuate.metrics.MetricsExportContextCustomizerFactory$DisableMetricExportContextCustomizer@25b57f80, org.springframework.boot.test.autoconfigure.filter.TypeExcludeFiltersContextCustomizer@bee33c65, org.springframework.boot.test.autoconfigure.properties.PropertyMappingContextCustomizer@39091c8e, org.springframework.boot.test.autoconfigure.web.servlet.WebDriverContextCustomizerFactory$Customizer@5541f593, [ImportsContextCustomizer@4d3e0429 key = [org.springframework.boot.autoconfigure.cache.CacheAutoConfiguration, org.springframework.boot.autoconfigure.context.MessageSourceAutoConfiguration, org.springframework.boot.autoconfigure.data.web.SpringDataWebAutoConfiguration, org.springframework.boot.autoconfigure.freemarker.FreeMarkerAutoConfiguration, org.springframework.boot.autoconfigure.groovy.template.GroovyTemplateAutoConfiguration, org.springframework.boot.autoconfigure.gson.GsonAutoConfiguration, org.springframework.boot.autoconfigure.hateoas.HypermediaAutoConfiguration, org.springframework.boot.autoconfigure.http.HttpMessageConvertersAutoConfiguration, org.springframework.boot.autoconfigure.jackson.JacksonAutoConfiguration, org.springframework.boot.autoconfigure.jsonb.JsonbAutoConfiguration, org.springframework.boot.autoconfigure.mustache.MustacheAutoConfiguration, org.springframework.boot.autoconfigure.task.TaskExecutionAutoConfiguration, org.springframework.boot.autoconfigure.thymeleaf.ThymeleafAutoConfiguration, org.springframework.boot.autoconfigure.validation.ValidationAutoConfiguration, org.springframework.boot.autoconfigure.web.servlet.error.ErrorMvcAutoConfiguration, org.springframework.boot.autoconfigure.web.servlet.HttpEncodingAutoConfiguration, org.springframework.boot.autoconfigure.web.servlet.WebMvcAutoConfiguration, org.springframework.boot.test.autoconfigure.web.servlet.MockMvcAutoConfiguration, org.springframework.boot.test.autoconfigure.web.servlet.MockMvcWebClientAutoConfiguration, org.springframework.boot.test.autoconfigure.web.servlet.MockMvcWebDriverAutoConfiguration, org.springframework.boot.autoconfigure.security.oauth2.client.servlet.OAuth2ClientAutoConfiguration, org.springframework.boot.autoconfigure.security.oauth2.resource.servlet.OAuth2ResourceServerAutoConfiguration, org.springframework.boot.autoconfigure.security.servlet.SecurityAutoConfiguration, org.springframework.boot.autoconfigure.security.servlet.SecurityFilterAutoConfiguration, org.springframework.boot.autoconfigure.security.servlet.UserDetailsServiceAutoConfiguration, org.springframework.boot.test.autoconfigure.web.servlet.MockMvcSecurityConfiguration]], org.springframework.boot.test.context.filter.ExcludeFilterContextCustomizer@3a77d23e, org.springframework.boot.test.json.DuplicateJsonObjectContextCustomizerFactory$DuplicateJsonObjectContextCustomizer@723e8b4, org.springframework.boot.test.mock.mockito.MockitoContextCustomizer@77c695e6, org.springframework.boot.test.context.SpringBootTestArgs@1, org.springframework.boot.test.context.SpringBootTestWebEnvironment@0], resourceBasePath = 'src/main/webapp', contextLoader = 'org.springframework.boot.test.context.SpringBootContextLoader', parent = [null]], attributes = map[[empty]]], class annotated with @DirtiesContext [false] with mode [null].
20:22:53.838 [Test worker] DEBUG org.springframework.test.context.support.TestPropertySourceUtils - Adding inlined properties to environment: {spring.jmx.enabled=false, org.springframework.boot.test.autoconfigure.web.servlet.WebMvcTestContextBootstrapper=true}

  .   ____          _            __ _ _
 /\\ / ___'_ __ _ _(_)_ __  __ _ \ \ \ \
( ( )\___ | '_ | '_| | '_ \/ _` | \ \ \ \
 \\/  ___)| |_)| | | | | || (_| |  ) ) ) )
  '  |____| .__|_| |_|_| |_\__, | / / / /
 =========|_|==============|___/=/_/_/_/
 :: Spring Boot ::                (v2.4.2)

2021-11-08 20:22:54.438  INFO 18220 --- [    Test worker] o.example.controller.TodoControllerTest  : Starting TodoControllerTest using Java 11.0.12 on DESKTOP-FHPBK2E with PID 18220 (started by Sabeom in C:\Users\Sabeom\Documents\git_sourcetree\Study\Spring\SpringBoot\todo-server)
2021-11-08 20:22:54.445  INFO 18220 --- [    Test worker] o.example.controller.TodoControllerTest  : No active profile set, falling back to default profiles: default
2021-11-08 20:22:58.670  INFO 18220 --- [    Test worker] o.s.s.concurrent.ThreadPoolTaskExecutor  : Initializing ExecutorService 'applicationTaskExecutor'
2021-11-08 20:22:59.597  INFO 18220 --- [    Test worker] o.s.b.t.m.w.SpringBootMockServletContext : Initializing Spring TestDispatcherServlet ''
2021-11-08 20:22:59.598  INFO 18220 --- [    Test worker] o.s.t.web.servlet.TestDispatcherServlet  : Initializing Servlet ''
2021-11-08 20:22:59.600  INFO 18220 --- [    Test worker] o.s.t.web.servlet.TestDispatcherServlet  : Completed initialization in 2 ms
2021-11-08 20:22:59.670  INFO 18220 --- [    Test worker] o.example.controller.TodoControllerTest  : Started TodoControllerTest in 5.819 seconds (JVM running for 8.7)
2021-11-08 20:23:00.066  INFO 18220 --- [    Test worker] org.example.controller.TodoController    : CREATE
]]></system-out>
  <system-err><![CDATA[]]></system-err>
</testsuite>
