<?xml version="1.0" encoding="UTF-8"?>
<testsuite name="org.example.service.TodoServiceTest" tests="3" skipped="0" failures="0" errors="0" timestamp="2021-11-08T11:23:00" hostname="DESKTOP-FHPBK2E" time="0.175">
  <properties/>
  <testcase name="searchById()" classname="org.example.service.TodoServiceTest" time="0.166"/>
  <testcase name="searchByIdFailed()" classname="org.example.service.TodoServiceTest" time="0.003"/>
  <testcase name="add()" classname="org.example.service.TodoServiceTest" time="0.004"/>
  <system-out><![CDATA[]]></system-out>
  <system-err><![CDATA[]]></system-err>
</testsuite>
