<?xml version="1.0" encoding="UTF-8"?>
<testsuite name="org.example.controller.TodoControllerTest" tests="2" skipped="0" failures="0" errors="0" timestamp="2021-11-08T08:20:54" hostname="DESKTOP-FHPBK2E" time="0.397">
  <properties/>
  <testcase name="create()" classname="org.example.controller.TodoControllerTest" time="0.387"/>
  <testcase name="readOne()" classname="org.example.controller.TodoControllerTest" time="0.008"/>
  <system-out><![CDATA[17:20:49.350 [Test worker] DEBUG org.springframework.test.context.BootstrapUtils - Instantiating CacheAwareContextLoaderDelegate from class [org.springframework.test.context.cache.DefaultCacheAwareContextLoaderDelegate]
17:20:49.377 [Test worker] DEBUG org.springframework.test.context.BootstrapUtils - Instantiating BootstrapContext using constructor [public org.springframework.test.context.support.DefaultBootstrapContext(java.lang.Class,org.springframework.test.context.CacheAwareContextLoaderDelegate)]
17:20:49.452 [Test worker] DEBUG org.springframework.test.context.BootstrapUtils - Instantiating TestContextBootstrapper for test class [org.example.controller.TodoControllerTest] from class [org.springframework.boot.test.autoconfigure.web.servlet.WebMvcTestContextBootstrapper]
17:20:49.476 [Test worker] INFO org.springframework.boot.test.autoconfigure.web.servlet.WebMvcTestContextBootstrapper - Neither @ContextConfiguration nor @ContextHierarchy found for test class [org.example.controller.TodoControllerTest], using SpringBootContextLoader
17:20:49.483 [Test worker] DEBUG org.springframework.test.context.support.AbstractContextLoader - Did not detect default resource location for test class [org.example.controller.TodoControllerTest]: class path resource [org/example/controller/TodoControllerTest-context.xml] does not exist
17:20:49.483 [Test worker] DEBUG org.springframework.test.context.support.AbstractContextLoader - Did not detect default resource location for test class [org.example.controller.TodoControllerTest]: class path resource [org/example/controller/TodoControllerTestContext.groovy] does not exist
17:20:49.484 [Test worker] INFO org.springframework.test.context.support.AbstractContextLoader - Could not detect default resource locations for test class [org.example.controller.TodoControllerTest]: no resource found for suffixes {-context.xml, Context.groovy}.
17:20:49.486 [Test worker] INFO org.springframework.test.context.support.AnnotationConfigContextLoaderUtils - Could not detect default configuration classes for test class [org.example.controller.TodoControllerTest]: TodoControllerTest does not declare any static, non-private, non-final, nested classes annotated with @Configuration.
17:20:49.624 [Test worker] DEBUG org.springframework.test.context.support.ActiveProfilesUtils - Could not find an 'annotation declaring class' for annotation type [org.springframework.test.context.ActiveProfiles] and class [org.example.controller.TodoControllerTest]
17:20:49.743 [Test worker] DEBUG org.springframework.context.annotation.ClassPathScanningCandidateComponentProvider - Identified candidate component class: file [C:\Users\Sabeom\Documents\git_sourcetree\Study\Spring\SpringBoot\todo-server\build\classes\java\main\org\example\TodoServerApplication.class]
17:20:49.744 [Test worker] INFO org.springframework.boot.test.context.SpringBootTestContextBootstrapper - Found @SpringBootConfiguration org.example.TodoServerApplication for test class org.example.controller.TodoControllerTest
17:20:49.753 [Test worker] DEBUG org.springframework.boot.test.autoconfigure.web.servlet.WebMvcTestContextBootstrapper - @TestExecutionListeners is not present for class [org.example.controller.TodoControllerTest]: using defaults.
17:20:49.755 [Test worker] INFO org.springframework.boot.test.autoconfigure.web.servlet.WebMvcTestContextBootstrapper - Loaded default TestExecutionListener class names from location [META-INF/spring.factories]: [org.springframework.boot.test.autoconfigure.restdocs.RestDocsTestExecutionListener, org.springframework.boot.test.autoconfigure.web.client.MockRestServiceServerResetTestExecutionListener, org.springframework.boot.test.autoconfigure.web.servlet.MockMvcPrintOnlyOnFailureTestExecutionListener, org.springframework.boot.test.autoconfigure.web.servlet.WebDriverTestExecutionListener, org.springframework.boot.test.autoconfigure.webservices.client.MockWebServiceServerTestExecutionListener, org.springframework.boot.test.mock.mockito.MockitoTestExecutionListener, org.springframework.boot.test.mock.mockito.ResetMocksTestExecutionListener, org.springframework.test.context.web.ServletTestExecutionListener, org.springframework.test.context.support.DirtiesContextBeforeModesTestExecutionListener, org.springframework.test.context.event.ApplicationEventsTestExecutionListener, org.springframework.test.context.support.DependencyInjectionTestExecutionListener, org.springframework.test.context.support.DirtiesContextTestExecutionListener, org.springframework.test.context.transaction.TransactionalTestExecutionListener, org.springframework.test.context.jdbc.SqlScriptsTestExecutionListener, org.springframework.test.context.event.EventPublishingTestExecutionListener]
17:20:49.797 [Test worker] INFO org.springframework.boot.test.autoconfigure.web.servlet.WebMvcTestContextBootstrapper - Using TestExecutionListeners: [org.springframework.test.context.web.ServletTestExecutionListener@31e594a5, org.springframework.test.context.support.DirtiesContextBeforeModesTestExecutionListener@1a63afe3, org.springframework.test.context.event.ApplicationEventsTestExecutionListener@2c3e475d, org.springframework.boot.test.mock.mockito.MockitoTestExecutionListener@7cf45064, org.springframework.boot.test.autoconfigure.SpringBootDependencyInjectionTestExecutionListener@61a9b3e3, org.springframework.test.context.support.DirtiesContextTestExecutionListener@66b20482, org.springframework.test.context.transaction.TransactionalTestExecutionListener@3868b3a6, org.springframework.test.context.jdbc.SqlScriptsTestExecutionListener@6641b3bf, org.springframework.test.context.event.EventPublishingTestExecutionListener@4adb223f, org.springframework.boot.test.autoconfigure.restdocs.RestDocsTestExecutionListener@3c3bb9f2, org.springframework.boot.test.autoconfigure.web.client.MockRestServiceServerResetTestExecutionListener@41b3d850, org.springframework.boot.test.autoconfigure.web.servlet.MockMvcPrintOnlyOnFailureTestExecutionListener@2a045792, org.springframework.boot.test.autoconfigure.web.servlet.WebDriverTestExecutionListener@39dd5237, org.springframework.boot.test.autoconfigure.webservices.client.MockWebServiceServerTestExecutionListener@584898d7, org.springframework.boot.test.mock.mockito.ResetMocksTestExecutionListener@766aad6]
17:20:49.804 [Test worker] DEBUG org.springframework.test.context.support.AbstractDirtiesContextTestExecutionListener - Before test class: context [DefaultTestContext@2c9d41ec testClass = TodoControllerTest, testInstance = [null], testMethod = [null], testException = [null], mergedContextConfiguration = [WebMergedContextConfiguration@452b2ad7 testClass = TodoControllerTest, locations = '{}', classes = '{class org.example.TodoServerApplication}', contextInitializerClasses = '[]', activeProfiles = '{}', propertySourceLocations = '{}', propertySourceProperties = '{org.springframework.boot.test.autoconfigure.web.servlet.WebMvcTestContextBootstrapper=true}', contextCustomizers = set[org.springframework.boot.test.autoconfigure.OverrideAutoConfigurationContextCustomizerFactory$DisableAutoConfigurationContextCustomizer@2dce28aa, org.springframework.boot.test.autoconfigure.actuate.metrics.MetricsExportContextCustomizerFactory$DisableMetricExportContextCustomizer@22cf3186, org.springframework.boot.test.autoconfigure.filter.TypeExcludeFiltersContextCustomizer@14dc2658, org.springframework.boot.test.autoconfigure.properties.PropertyMappingContextCustomizer@2ad22b27, org.springframework.boot.test.autoconfigure.web.servlet.WebDriverContextCustomizerFactory$Customizer@4acf3ad2, [ImportsContextCustomizer@71252218 key = [org.springframework.boot.autoconfigure.cache.CacheAutoConfiguration, org.springframework.boot.autoconfigure.context.MessageSourceAutoConfiguration, org.springframework.boot.autoconfigure.data.web.SpringDataWebAutoConfiguration, org.springframework.boot.autoconfigure.freemarker.FreeMarkerAutoConfiguration, org.springframework.boot.autoconfigure.groovy.template.GroovyTemplateAutoConfiguration, org.springframework.boot.autoconfigure.gson.GsonAutoConfiguration, org.springframework.boot.autoconfigure.hateoas.HypermediaAutoConfiguration, org.springframework.boot.autoconfigure.http.HttpMessageConvertersAutoConfiguration, org.springframework.boot.autoconfigure.jackson.JacksonAutoConfiguration, org.springframework.boot.autoconfigure.jsonb.JsonbAutoConfiguration, org.springframework.boot.autoconfigure.mustache.MustacheAutoConfiguration, org.springframework.boot.autoconfigure.task.TaskExecutionAutoConfiguration, org.springframework.boot.autoconfigure.thymeleaf.ThymeleafAutoConfiguration, org.springframework.boot.autoconfigure.validation.ValidationAutoConfiguration, org.springframework.boot.autoconfigure.web.servlet.error.ErrorMvcAutoConfiguration, org.springframework.boot.autoconfigure.web.servlet.HttpEncodingAutoConfiguration, org.springframework.boot.autoconfigure.web.servlet.WebMvcAutoConfiguration, org.springframework.boot.test.autoconfigure.web.servlet.MockMvcAutoConfiguration, org.springframework.boot.test.autoconfigure.web.servlet.MockMvcWebClientAutoConfiguration, org.springframework.boot.test.autoconfigure.web.servlet.MockMvcWebDriverAutoConfiguration, org.springframework.boot.autoconfigure.security.oauth2.client.servlet.OAuth2ClientAutoConfiguration, org.springframework.boot.autoconfigure.security.oauth2.resource.servlet.OAuth2ResourceServerAutoConfiguration, org.springframework.boot.autoconfigure.security.servlet.SecurityAutoConfiguration, org.springframework.boot.autoconfigure.security.servlet.SecurityFilterAutoConfiguration, org.springframework.boot.autoconfigure.security.servlet.UserDetailsServiceAutoConfiguration, org.springframework.boot.test.autoconfigure.web.servlet.MockMvcSecurityConfiguration]], org.springframework.boot.test.context.filter.ExcludeFilterContextCustomizer@3961fdf0, org.springframework.boot.test.json.DuplicateJsonObjectContextCustomizerFactory$DuplicateJsonObjectContextCustomizer@37b5bd5a, org.springframework.boot.test.mock.mockito.MockitoContextCustomizer@5f3577d4, org.springframework.boot.test.context.SpringBootTestArgs@1, org.springframework.boot.test.context.SpringBootTestWebEnvironment@0], resourceBasePath = 'src/main/webapp', contextLoader = 'org.springframework.boot.test.context.SpringBootContextLoader', parent = [null]], attributes = map[[empty]]], class annotated with @DirtiesContext [false] with mode [null].
17:20:49.875 [Test worker] DEBUG org.springframework.test.context.support.TestPropertySourceUtils - Adding inlined properties to environment: {spring.jmx.enabled=false, org.springframework.boot.test.autoconfigure.web.servlet.WebMvcTestContextBootstrapper=true}

  .   ____          _            __ _ _
 /\\ / ___'_ __ _ _(_)_ __  __ _ \ \ \ \
( ( )\___ | '_ | '_| | '_ \/ _` | \ \ \ \
 \\/  ___)| |_)| | | | | || (_| |  ) ) ) )
  '  |____| .__|_| |_|_| |_\__, | / / / /
 =========|_|==============|___/=/_/_/_/
 :: Spring Boot ::                (v2.4.2)

2021-11-08 17:20:50.469  INFO 2668 --- [    Test worker] o.example.controller.TodoControllerTest  : Starting TodoControllerTest using Java 11.0.12 on DESKTOP-FHPBK2E with PID 2668 (started by Sabeom in C:\Users\Sabeom\Documents\git_sourcetree\Study\Spring\SpringBoot\todo-server)
2021-11-08 17:20:50.474  INFO 2668 --- [    Test worker] o.example.controller.TodoControllerTest  : No active profile set, falling back to default profiles: default
2021-11-08 17:20:54.118  INFO 2668 --- [    Test worker] o.s.s.concurrent.ThreadPoolTaskExecutor  : Initializing ExecutorService 'applicationTaskExecutor'
2021-11-08 17:20:54.843  INFO 2668 --- [    Test worker] o.s.b.t.m.w.SpringBootMockServletContext : Initializing Spring TestDispatcherServlet ''
2021-11-08 17:20:54.843  INFO 2668 --- [    Test worker] o.s.t.web.servlet.TestDispatcherServlet  : Initializing Servlet ''
2021-11-08 17:20:54.848  INFO 2668 --- [    Test worker] o.s.t.web.servlet.TestDispatcherServlet  : Completed initialization in 4 ms
2021-11-08 17:20:54.900  INFO 2668 --- [    Test worker] o.example.controller.TodoControllerTest  : Started TodoControllerTest in 5.009 seconds (JVM running for 8.304)
CREATE
]]></system-out>
  <system-err><![CDATA[]]></system-err>
</testsuite>
